<?xml version="1.0" encoding="UTF-8" ?>
<testsuite tests="9" failures="0" name="testes.A01HomolMeuMedicoEditTest" time="91.153" errors="0" skipped="0">
  <properties>
[...]
</properties>
  <testcase classname="testes.A01HomolMeuMedicoEditTest" name="accessValidationEdit" time="9.493"/>
  <testcase classname="testes.A01HomolMeuMedicoEditTest" name="PrioritiesEdit" time="9.154"/>
  <testcase classname="testes.A01HomolMeuMedicoEditTest" name="unavailabilityTypesEdit" time="9.394"/>
  <testcase classname="testes.A01HomolMeuMedicoEditTest" name="routingTypesEdit" time="9.443"/>
  <testcase classname="testes.A01HomolMeuMedicoEditTest" name="quizEdit" time="13.176"/>
  <testcase classname="testes.A01HomolMeuMedicoEditTest" name="resultTypesEdit" time="9.142"/>
  <testcase classname="testes.A01HomolMeuMedicoEditTest" name="admGroupEdit" time="9.488"/>
  <testcase classname="testes.A01HomolMeuMedicoEditTest" name="healthUnitsEdit" time="12.335"/>
  <testcase classname="testes.A01HomolMeuMedicoEditTest" name="careTypesEdit" time="9.528"/>
</testsuite>