<?xml version="1.0" encoding="UTF-8" ?>
<testsuite tests="10" failures="1" name="testes.A00HomolMeuMedicoCreateTest" time="104.683" errors="0" skipped="0">
  <properties>
[...]
</properties>
  <testcase classname="testes.A00HomolMeuMedicoCreateTest" name="PrioritiesCreate" time="12.617"/>
  <testcase classname="testes.A00HomolMeuMedicoCreateTest" name="healthUnitsCreate" time="10.783"/>
  <testcase classname="testes.A00HomolMeuMedicoCreateTest" name="quizCreate" time="12.986"/>
  <testcase classname="testes.A00HomolMeuMedicoCreateTest" name="unavailabilityTypesCreate" time="9.735"/>
  <testcase classname="testes.A00HomolMeuMedicoCreateTest" name="routingTypesCreate" time="9.228"/>
  <testcase classname="testes.A00HomolMeuMedicoCreateTest" name="careTypesCreate" time="8.994"/>
  <testcase classname="testes.A00HomolMeuMedicoCreateTest" name="resultTypesCreate" time="11.247"/>
  <testcase classname="testes.A00HomolMeuMedicoCreateTest" name="accessValidationCreate" time="9.638">
    <failure message="expected:&lt;[Validação registrada com sucess]o&gt; but was:&lt;[O campo Identificador é obrigatóri]o&gt;" type="org.junit.ComparisonFailure">org.junit.ComparisonFailure: expected:&lt;[Validação registrada com sucess]o&gt; but was:&lt;[O campo Identificador é obrigatóri]o&gt;
	at org.junit.Assert.assertEquals(Assert.java:115)
	at org.junit.Assert.assertEquals(Assert.java:144)
	at paginas.PageBase.toastValidation(PageBase.java:49)
	at paginas.AccessValidation.saveValidation(AccessValidation.java:18)
	at testes.A00HomolMeuMedicoCreateTest.accessValidationCreate(A00HomolMeuMedicoCreateTest.java:39)
	at sun.reflect.NativeMethodAccessorImpl.invoke0(Native Method)
	at sun.reflect.NativeMethodAccessorImpl.invoke(NativeMethodAccessorImpl.java:62)
	at sun.reflect.DelegatingMethodAccessorImpl.invoke(DelegatingMethodAccessorImpl.java:43)
	at java.lang.reflect.Method.invoke(Method.java:498)
	at org.junit.runners.model.FrameworkMethod$1.runReflectiveCall(FrameworkMethod.java:50)
	at org.junit.internal.runners.model.ReflectiveCallable.run(ReflectiveCallable.java:12)
	at org.junit.runners.model.FrameworkMethod.invokeExplosively(FrameworkMethod.java:47)
	at org.junit.internal.runners.statements.InvokeMethod.evaluate(InvokeMethod.java:17)
	at org.junit.internal.runners.statements.RunBefores.evaluate(RunBefores.java:26)
	at org.junit.internal.runners.statements.RunAfters.evaluate(RunAfters.java:27)
	at org.junit.runners.ParentRunner.runLeaf(ParentRunner.java:325)
	at org.junit.runners.BlockJUnit4ClassRunner.runChild(BlockJUnit4ClassRunner.java:78)
	at org.junit.runners.BlockJUnit4ClassRunner.runChild(BlockJUnit4ClassRunner.java:57)
	at org.junit.runners.ParentRunner$3.run(ParentRunner.java:290)
	at org.junit.runners.ParentRunner$1.schedule(ParentRunner.java:71)
	at org.junit.runners.ParentRunner.runChildren(ParentRunner.java:288)
	at org.junit.runners.ParentRunner.access$000(ParentRunner.java:58)
	at org.junit.runners.ParentRunner$2.evaluate(ParentRunner.java:268)
	at org.junit.runners.ParentRunner.run(ParentRunner.java:363)
	at org.apache.maven.surefire.junit4.JUnit4Provider.execute(JUnit4Provider.java:252)
	at org.apache.maven.surefire.junit4.JUnit4Provider.executeTestSet(JUnit4Provider.java:141)
	at org.apache.maven.surefire.junit4.JUnit4Provider.invoke(JUnit4Provider.java:112)
	at sun.reflect.NativeMethodAccessorImpl.invoke0(Native Method)
	at sun.reflect.NativeMethodAccessorImpl.invoke(NativeMethodAccessorImpl.java:62)
	at sun.reflect.DelegatingMethodAccessorImpl.invoke(DelegatingMethodAccessorImpl.java:43)
	at java.lang.reflect.Method.invoke(Method.java:498)
	at org.apache.maven.surefire.util.ReflectionUtils.invokeMethodWithArray(ReflectionUtils.java:189)
	at org.apache.maven.surefire.booter.ProviderFactory$ProviderProxy.invoke(ProviderFactory.java:165)
	at org.apache.maven.surefire.booter.ProviderFactory.invokeProvider(ProviderFactory.java:85)
	at org.apache.maven.surefire.booter.ForkedBooter.runSuitesInProcess(ForkedBooter.java:115)
	at org.apache.maven.surefire.booter.ForkedBooter.main(ForkedBooter.java:75)
</failure>
    <system-err>Starting ChromeDriver 85.0.4183.83 (94abc2237ae0c9a4cb5f035431c8adfb94324633-refs/branch-heads/4183@{#1658}) on port 5364
Only local connections are allowed.
Please see https://chromedriver.chromium.org/security-considerations for suggestions on keeping ChromeDriver safe.
ChromeDriver was started successfully.
set 03, 2020 10:10:22 AM org.openqa.selenium.remote.ProtocolHandshake createSession
INFORMAÇÕES: Detected dialect: W3C
</system-err>
  </testcase>
  <testcase classname="testes.A00HomolMeuMedicoCreateTest" name="notificationCreate" time="10.405"/>
  <testcase classname="testes.A00HomolMeuMedicoCreateTest" name="admGroupCreate" time="9.05"/>
</testsuite>